
The following have been reloaded with a version change:
  1) impi/18.0.2 => impi/17.0.3       3) python2/2.7.15 => python2/2.7.14
  2) intel/18.0.2 => intel/17.0.4

Loading required package: stringr
Loading required package: tidyr
Loading required package: ggplot2
Loading required package: rgdal
Loading required package: methods
Loading required package: sp
rgdal: version: 1.3-3, (SVN revision 759)
 Geospatial Data Abstraction Library extensions to R successfully loaded
 Loaded GDAL runtime: GDAL 2.3.1, released 2018/06/22
 Path to GDAL shared files: /opt/apps/intel17/impi17_0/RstatsPackages/3.4.0/gdal-2.3.1/share/gdal
 GDAL binary built with GEOS: FALSE 
 Loaded PROJ.4 runtime: Rel. 5.1.0, June 1st, 2018, [PJ_VERSION: 510]
 Path to PROJ.4 shared files: (autodetected)
 Linking to sp version: 1.3-1 
Loading required package: rgeos
rgeos version: 0.3-28, (SVN revision 572)
 GEOS runtime version: 3.4.2-CAPI-1.8.2 r0 
 Linking to sp version: 1.2-4 
 Polygon checking: TRUE 

Loading required package: maptools
Checking rgeos availability: TRUE
Loading required package: raster
Warning 1: Value 10000000000 of field DATA of feature 0 not successfully written. Possibly due to too larger number with respect to field width
Warning 1: Value 10000000000 of field DATA of feature 1 not successfully written. Possibly due to too larger number with respect to field width
Warning 1: Value 10000000000 of field DATA of feature 2 not successfully written. Possibly due to too larger number with respect to field width
Warning 1: Value 10000000000 of field DATA of feature 3 not successfully written. Possibly due to too larger number with respect to field width
Warning 1: Value 10000000000 of field DATA of feature 4 not successfully written. Possibly due to too larger number with respect to field width
Warning 1: Value 10000000000 of field DATA of feature 5 not successfully written. Possibly due to too larger number with respect to field width
Warning 1: Value 10000000000 of field DATA of feature 6 not successfully written. Possibly due to too larger number with respect to field width
Warning 1: Value 10000000000 of field DATA of feature 7 not successfully written. Possibly due to too larger number with respect to field width
Warning 1: Value 10000000000 of field DATA of feature 8 not successfully written. Possibly due to too larger number with respect to field width
Warning 1: Value 10000000000 of field DATA of feature 9 not successfully written. Possibly due to too larger number with respect to field width
Warning 1: Value 10000000000 of field DATA of feature 10 not successfully written. Possibly due to too larger number with respect to field width
Warning 1: Value 10000000000 of field DATA of feature 11 not successfully written. Possibly due to too larger number with respect to field width
Warning 1: Value 10000000000 of field DATA of feature 12 not successfully written. Possibly due to too larger number with respect to field width
Warning 1: Value 10000000000 of field DATA of feature 13 not successfully written. Possibly due to too larger number with respect to field width
Warning 1: Value 10000000000 of field DATA of feature 14 not successfully written. Possibly due to too larger number with respect to field width
Warning 1: Value 10000000000 of field DATA of feature 15 not successfully written. Possibly due to too larger number with respect to field width
Warning 1: Value 10000000000 of field DATA of feature 0 not successfully written. Possibly due to too larger number with respect to field width
Warning 1: Value 10000000000 of field DATA of feature 1 not successfully written. Possibly due to too larger number with respect to field width
Warning 1: Value 10000000000 of field DATA of feature 2 not successfully written. Possibly due to too larger number with respect to field width
Warning 1: Value 10000000000 of field DATA of feature 3 not successfully written. Possibly due to too larger number with respect to field width
Warning 1: Value 10000000000 of field DATA of feature 4 not successfully written. Possibly due to too larger number with respect to field width
Warning 1: Value 10000000000 of field DATA of feature 5 not successfully written. Possibly due to too larger number with respect to field width
Warning 1: Value 10000000000 of field DATA of feature 6 not successfully written. Possibly due to too larger number with respect to field width
Warning 1: Value 10000000000 of field DATA of feature 7 not successfully written. Possibly due to too larger number with respect to field width
Warning 1: Value 10000000000 of field DATA of feature 8 not successfully written. Possibly due to too larger number with respect to field width
Warning 1: Value 10000000000 of field DATA of feature 9 not successfully written. Possibly due to too larger number with respect to field width
Warning 1: Value 10000000000 of field DATA of feature 10 not successfully written. Possibly due to too larger number with respect to field width
Warning 1: Value 10000000000 of field DATA of feature 11 not successfully written. Possibly due to too larger number with respect to field width
Warning 1: Value 10000000000 of field DATA of feature 12 not successfully written. Possibly due to too larger number with respect to field width
Warning 1: Value 10000000000 of field DATA of feature 13 not successfully written. Possibly due to too larger number with respect to field width
Warning 1: Value 10000000000 of field DATA of feature 14 not successfully written. Possibly due to too larger number with respect to field width
Warning 1: Value 10000000000 of field DATA of feature 15 not successfully written. Possibly due to too larger number with respect to field width
Warning 1: Value 10000000000 of field DATA of feature 0 not successfully written. Possibly due to too larger number with respect to field width
Warning 1: Value 10000000000 of field DATA of feature 1 not successfully written. Possibly due to too larger number with respect to field width
Warning 1: Value 10000000000 of field DATA of feature 2 not successfully written. Possibly due to too larger number with respect to field width
Warning 1: Value 10000000000 of field DATA of feature 3 not successfully written. Possibly due to too larger number with respect to field width
Warning 1: Value 10000000000 of field DATA of feature 4 not successfully written. Possibly due to too larger number with respect to field width
Warning 1: Value 10000000000 of field DATA of feature 5 not successfully written. Possibly due to too larger number with respect to field width
Warning 1: Value 10000000000 of field DATA of feature 6 not successfully written. Possibly due to too larger number with respect to field width
Warning 1: Value 10000000000 of field DATA of feature 7 not successfully written. Possibly due to too larger number with respect to field width
Warning 1: Value 10000000000 of field DATA of feature 8 not successfully written. Possibly due to too larger number with respect to field width
Warning 1: Value 10000000000 of field DATA of feature 9 not successfully written. Possibly due to too larger number with respect to field width
Warning 1: Value 10000000000 of field DATA of feature 10 not successfully written. Possibly due to too larger number with respect to field width
Warning 1: Value 10000000000 of field DATA of feature 11 not successfully written. Possibly due to too larger number with respect to field width
Warning 1: Value 10000000000 of field DATA of feature 12 not successfully written. Possibly due to too larger number with respect to field width
Warning 1: Value 10000000000 of field DATA of feature 13 not successfully written. Possibly due to too larger number with respect to field width
Warning 1: Value 10000000000 of field DATA of feature 14 not successfully written. Possibly due to too larger number with respect to field width
Warning 1: Value 10000000000 of field DATA of feature 15 not successfully written. Possibly due to too larger number with respect to field width
Warning 1: Value 10000000000 of field DATA of feature 0 not successfully written. Possibly due to too larger number with respect to field width
Warning 1: Value 10000000000 of field DATA of feature 1 not successfully written. Possibly due to too larger number with respect to field width
Warning 1: Value 10000000000 of field DATA of feature 2 not successfully written. Possibly due to too larger number with respect to field width
Warning 1: Value 10000000000 of field DATA of feature 3 not successfully written. Possibly due to too larger number with respect to field width
Warning 1: Value 10000000000 of field DATA of feature 4 not successfully written. Possibly due to too larger number with respect to field width
Warning 1: Value 10000000000 of field DATA of feature 5 not successfully written. Possibly due to too larger number with respect to field width
Warning 1: Value 10000000000 of field DATA of feature 6 not successfully written. Possibly due to too larger number with respect to field width
Warning 1: Value 10000000000 of field DATA of feature 7 not successfully written. Possibly due to too larger number with respect to field width
Warning 1: Value 10000000000 of field DATA of feature 8 not successfully written. Possibly due to too larger number with respect to field width
Warning 1: Value 10000000000 of field DATA of feature 9 not successfully written. Possibly due to too larger number with respect to field width
Warning 1: Value 10000000000 of field DATA of feature 10 not successfully written. Possibly due to too larger number with respect to field width
Warning 1: Value 10000000000 of field DATA of feature 11 not successfully written. Possibly due to too larger number with respect to field width
Warning 1: Value 10000000000 of field DATA of feature 12 not successfully written. Possibly due to too larger number with respect to field width
Warning 1: Value 10000000000 of field DATA of feature 13 not successfully written. Possibly due to too larger number with respect to field width
Warning 1: Value 10000000000 of field DATA of feature 14 not successfully written. Possibly due to too larger number with respect to field width
Warning 1: Value 10000000000 of field DATA of feature 15 not successfully written. Possibly due to too larger number with respect to field width
Warning 1: Value 10000000000 of field DATA of feature 0 not successfully written. Possibly due to too larger number with respect to field width
Warning 1: Value 10000000000 of field DATA of feature 1 not successfully written. Possibly due to too larger number with respect to field width
Warning 1: Value 10000000000 of field DATA of feature 2 not successfully written. Possibly due to too larger number with respect to field width
Warning 1: Value 10000000000 of field DATA of feature 3 not successfully written. Possibly due to too larger number with respect to field width
Warning 1: Value 10000000000 of field DATA of feature 4 not successfully written. Possibly due to too larger number with respect to field width
Warning 1: Value 10000000000 of field DATA of feature 5 not successfully written. Possibly due to too larger number with respect to field width
Warning 1: Value 10000000000 of field DATA of feature 6 not successfully written. Possibly due to too larger number with respect to field width
Warning 1: Value 10000000000 of field DATA of feature 7 not successfully written. Possibly due to too larger number with respect to field width
Warning 1: Value 10000000000 of field DATA of feature 8 not successfully written. Possibly due to too larger number with respect to field width
Warning 1: Value 10000000000 of field DATA of feature 9 not successfully written. Possibly due to too larger number with respect to field width
Warning 1: Value 10000000000 of field DATA of feature 10 not successfully written. Possibly due to too larger number with respect to field width
Warning 1: Value 10000000000 of field DATA of feature 11 not successfully written. Possibly due to too larger number with respect to field width
Warning 1: Value 10000000000 of field DATA of feature 12 not successfully written. Possibly due to too larger number with respect to field width
Warning 1: Value 10000000000 of field DATA of feature 13 not successfully written. Possibly due to too larger number with respect to field width
Warning 1: Value 10000000000 of field DATA of feature 14 not successfully written. Possibly due to too larger number with respect to field width
Warning 1: Value 10000000000 of field DATA of feature 15 not successfully written. Possibly due to too larger number with respect to field width
Warning 1: Value 10000000000 of field DATA of feature 0 not successfully written. Possibly due to too larger number with respect to field width
Warning 1: Value 10000000000 of field DATA of feature 1 not successfully written. Possibly due to too larger number with respect to field width
Warning 1: Value 10000000000 of field DATA of feature 2 not successfully written. Possibly due to too larger number with respect to field width
Warning 1: Value 10000000000 of field DATA of feature 3 not successfully written. Possibly due to too larger number with respect to field width
Warning 1: Value 10000000000 of field DATA of feature 4 not successfully written. Possibly due to too larger number with respect to field width
Warning 1: Value 10000000000 of field DATA of feature 5 not successfully written. Possibly due to too larger number with respect to field width
Warning 1: Value 10000000000 of field DATA of feature 6 not successfully written. Possibly due to too larger number with respect to field width
Warning 1: Value 10000000000 of field DATA of feature 7 not successfully written. Possibly due to too larger number with respect to field width
Warning 1: Value 10000000000 of field DATA of feature 8 not successfully written. Possibly due to too larger number with respect to field width
Warning 1: Value 10000000000 of field DATA of feature 9 not successfully written. Possibly due to too larger number with respect to field width
Warning 1: Value 10000000000 of field DATA of feature 10 not successfully written. Possibly due to too larger number with respect to field width
Warning 1: Value 10000000000 of field DATA of feature 11 not successfully written. Possibly due to too larger number with respect to field width
Warning 1: Value 10000000000 of field DATA of feature 12 not successfully written. Possibly due to too larger number with respect to field width
Warning 1: Value 10000000000 of field DATA of feature 13 not successfully written. Possibly due to too larger number with respect to field width
Warning 1: Value 10000000000 of field DATA of feature 14 not successfully written. Possibly due to too larger number with respect to field width
Warning 1: Value 10000000000 of field DATA of feature 15 not successfully written. Possibly due to too larger number with respect to field width
Warning 1: Value 10000000000 of field DATA of feature 0 not successfully written. Possibly due to too larger number with respect to field width
Warning 1: Value 10000000000 of field DATA of feature 1 not successfully written. Possibly due to too larger number with respect to field width
Warning 1: Value 10000000000 of field DATA of feature 2 not successfully written. Possibly due to too larger number with respect to field width
Warning 1: Value 10000000000 of field DATA of feature 3 not successfully written. Possibly due to too larger number with respect to field width
Warning 1: Value 10000000000 of field DATA of feature 4 not successfully written. Possibly due to too larger number with respect to field width
Warning 1: Value 10000000000 of field DATA of feature 5 not successfully written. Possibly due to too larger number with respect to field width
Warning 1: Value 10000000000 of field DATA of feature 6 not successfully written. Possibly due to too larger number with respect to field width
Warning 1: Value 10000000000 of field DATA of feature 7 not successfully written. Possibly due to too larger number with respect to field width
Warning 1: Value 10000000000 of field DATA of feature 8 not successfully written. Possibly due to too larger number with respect to field width
Warning 1: Value 10000000000 of field DATA of feature 9 not successfully written. Possibly due to too larger number with respect to field width
Warning 1: Value 10000000000 of field DATA of feature 10 not successfully written. Possibly due to too larger number with respect to field width
Warning 1: Value 10000000000 of field DATA of feature 11 not successfully written. Possibly due to too larger number with respect to field width
Warning 1: Value 10000000000 of field DATA of feature 12 not successfully written. Possibly due to too larger number with respect to field width
Warning 1: Value 10000000000 of field DATA of feature 13 not successfully written. Possibly due to too larger number with respect to field width
Warning 1: Value 10000000000 of field DATA of feature 14 not successfully written. Possibly due to too larger number with respect to field width
Warning 1: Value 10000000000 of field DATA of feature 15 not successfully written. Possibly due to too larger number with respect to field width
Warning 1: Value 10000000000 of field DATA of feature 0 not successfully written. Possibly due to too larger number with respect to field width
Warning 1: Value 10000000000 of field DATA of feature 1 not successfully written. Possibly due to too larger number with respect to field width
Warning 1: Value 10000000000 of field DATA of feature 2 not successfully written. Possibly due to too larger number with respect to field width
Warning 1: Value 10000000000 of field DATA of feature 3 not successfully written. Possibly due to too larger number with respect to field width
Warning 1: Value 10000000000 of field DATA of feature 4 not successfully written. Possibly due to too larger number with respect to field width
Warning 1: Value 10000000000 of field DATA of feature 5 not successfully written. Possibly due to too larger number with respect to field width
Warning 1: Value 10000000000 of field DATA of feature 6 not successfully written. Possibly due to too larger number with respect to field width
Warning 1: Value 10000000000 of field DATA of feature 7 not successfully written. Possibly due to too larger number with respect to field width
Warning 1: Value 10000000000 of field DATA of feature 8 not successfully written. Possibly due to too larger number with respect to field width
Warning 1: Value 10000000000 of field DATA of feature 9 not successfully written. Possibly due to too larger number with respect to field width
Warning 1: Value 10000000000 of field DATA of feature 10 not successfully written. Possibly due to too larger number with respect to field width
Warning 1: Value 10000000000 of field DATA of feature 11 not successfully written. Possibly due to too larger number with respect to field width
Warning 1: Value 10000000000 of field DATA of feature 12 not successfully written. Possibly due to too larger number with respect to field width
Warning 1: Value 10000000000 of field DATA of feature 13 not successfully written. Possibly due to too larger number with respect to field width
Warning 1: Value 10000000000 of field DATA of feature 14 not successfully written. Possibly due to too larger number with respect to field width
Warning 1: Value 10000000000 of field DATA of feature 15 not successfully written. Possibly due to too larger number with respect to field width
Warning 1: Value 10000000000 of field DATA of feature 0 not successfully written. Possibly due to too larger number with respect to field width
Warning 1: Value 10000000000 of field DATA of feature 1 not successfully written. Possibly due to too larger number with respect to field width
Warning 1: Value 10000000000 of field DATA of feature 2 not successfully written. Possibly due to too larger number with respect to field width
Warning 1: Value 10000000000 of field DATA of feature 3 not successfully written. Possibly due to too larger number with respect to field width
Warning 1: Value 10000000000 of field DATA of feature 4 not successfully written. Possibly due to too larger number with respect to field width
Warning 1: Value 10000000000 of field DATA of feature 5 not successfully written. Possibly due to too larger number with respect to field width
Warning 1: Value 10000000000 of field DATA of feature 6 not successfully written. Possibly due to too larger number with respect to field width
Warning 1: Value 10000000000 of field DATA of feature 7 not successfully written. Possibly due to too larger number with respect to field width
Warning 1: Value 10000000000 of field DATA of feature 8 not successfully written. Possibly due to too larger number with respect to field width
Warning 1: Value 10000000000 of field DATA of feature 9 not successfully written. Possibly due to too larger number with respect to field width
Warning 1: Value 10000000000 of field DATA of feature 10 not successfully written. Possibly due to too larger number with respect to field width
Warning 1: Value 10000000000 of field DATA of feature 11 not successfully written. Possibly due to too larger number with respect to field width
Warning 1: Value 10000000000 of field DATA of feature 12 not successfully written. Possibly due to too larger number with respect to field width
Warning 1: Value 10000000000 of field DATA of feature 13 not successfully written. Possibly due to too larger number with respect to field width
Warning 1: Value 10000000000 of field DATA of feature 14 not successfully written. Possibly due to too larger number with respect to field width
Warning 1: Value 10000000000 of field DATA of feature 15 not successfully written. Possibly due to too larger number with respect to field width
Warning 1: Value 10000000000 of field DATA of feature 0 not successfully written. Possibly due to too larger number with respect to field width
Warning 1: Value 10000000000 of field DATA of feature 1 not successfully written. Possibly due to too larger number with respect to field width
Warning 1: Value 10000000000 of field DATA of feature 2 not successfully written. Possibly due to too larger number with respect to field width
Warning 1: Value 10000000000 of field DATA of feature 3 not successfully written. Possibly due to too larger number with respect to field width
Warning 1: Value 10000000000 of field DATA of feature 4 not successfully written. Possibly due to too larger number with respect to field width
Warning 1: Value 10000000000 of field DATA of feature 5 not successfully written. Possibly due to too larger number with respect to field width
Warning 1: Value 10000000000 of field DATA of feature 6 not successfully written. Possibly due to too larger number with respect to field width
Warning 1: Value 10000000000 of field DATA of feature 7 not successfully written. Possibly due to too larger number with respect to field width
Warning 1: Value 10000000000 of field DATA of feature 8 not successfully written. Possibly due to too larger number with respect to field width
Warning 1: Value 10000000000 of field DATA of feature 9 not successfully written. Possibly due to too larger number with respect to field width
Warning 1: Value 10000000000 of field DATA of feature 10 not successfully written. Possibly due to too larger number with respect to field width
Warning 1: Value 10000000000 of field DATA of feature 11 not successfully written. Possibly due to too larger number with respect to field width
Warning 1: Value 10000000000 of field DATA of feature 12 not successfully written. Possibly due to too larger number with respect to field width
Warning 1: Value 10000000000 of field DATA of feature 13 not successfully written. Possibly due to too larger number with respect to field width
Warning 1: Value 10000000000 of field DATA of feature 14 not successfully written. Possibly due to too larger number with respect to field width
Warning 1: Value 10000000000 of field DATA of feature 15 not successfully written. Possibly due to too larger number with respect to field width
Warning 1: Value 10000000000 of field DATA of feature 0 not successfully written. Possibly due to too larger number with respect to field width
Warning 1: Value 10000000000 of field DATA of feature 1 not successfully written. Possibly due to too larger number with respect to field width
Warning 1: Value 10000000000 of field DATA of feature 2 not successfully written. Possibly due to too larger number with respect to field width
Warning 1: Value 10000000000 of field DATA of feature 3 not successfully written. Possibly due to too larger number with respect to field width
Warning 1: Value 10000000000 of field DATA of feature 4 not successfully written. Possibly due to too larger number with respect to field width
Warning 1: Value 10000000000 of field DATA of feature 5 not successfully written. Possibly due to too larger number with respect to field width
Warning 1: Value 10000000000 of field DATA of feature 6 not successfully written. Possibly due to too larger number with respect to field width
Warning 1: Value 10000000000 of field DATA of feature 7 not successfully written. Possibly due to too larger number with respect to field width
Warning 1: Value 10000000000 of field DATA of feature 8 not successfully written. Possibly due to too larger number with respect to field width
Warning 1: Value 10000000000 of field DATA of feature 9 not successfully written. Possibly due to too larger number with respect to field width
Warning 1: Value 10000000000 of field DATA of feature 10 not successfully written. Possibly due to too larger number with respect to field width
Warning 1: Value 10000000000 of field DATA of feature 11 not successfully written. Possibly due to too larger number with respect to field width
Warning 1: Value 10000000000 of field DATA of feature 12 not successfully written. Possibly due to too larger number with respect to field width
Warning 1: Value 10000000000 of field DATA of feature 13 not successfully written. Possibly due to too larger number with respect to field width
Warning 1: Value 10000000000 of field DATA of feature 14 not successfully written. Possibly due to too larger number with respect to field width
Warning 1: Value 10000000000 of field DATA of feature 15 not successfully written. Possibly due to too larger number with respect to field width
Warning 1: Value 10000000000 of field DATA of feature 0 not successfully written. Possibly due to too larger number with respect to field width
Warning 1: Value 10000000000 of field DATA of feature 1 not successfully written. Possibly due to too larger number with respect to field width
Warning 1: Value 10000000000 of field DATA of feature 2 not successfully written. Possibly due to too larger number with respect to field width
Warning 1: Value 10000000000 of field DATA of feature 3 not successfully written. Possibly due to too larger number with respect to field width
Warning 1: Value 10000000000 of field DATA of feature 4 not successfully written. Possibly due to too larger number with respect to field width
Warning 1: Value 10000000000 of field DATA of feature 5 not successfully written. Possibly due to too larger number with respect to field width
Warning 1: Value 10000000000 of field DATA of feature 6 not successfully written. Possibly due to too larger number with respect to field width
Warning 1: Value 10000000000 of field DATA of feature 7 not successfully written. Possibly due to too larger number with respect to field width
Warning 1: Value 10000000000 of field DATA of feature 8 not successfully written. Possibly due to too larger number with respect to field width
Warning 1: Value 10000000000 of field DATA of feature 9 not successfully written. Possibly due to too larger number with respect to field width
Warning 1: Value 10000000000 of field DATA of feature 10 not successfully written. Possibly due to too larger number with respect to field width
Warning 1: Value 10000000000 of field DATA of feature 11 not successfully written. Possibly due to too larger number with respect to field width
Warning 1: Value 10000000000 of field DATA of feature 12 not successfully written. Possibly due to too larger number with respect to field width
Warning 1: Value 10000000000 of field DATA of feature 13 not successfully written. Possibly due to too larger number with respect to field width
Warning 1: Value 10000000000 of field DATA of feature 14 not successfully written. Possibly due to too larger number with respect to field width
Warning 1: Value 10000000000 of field DATA of feature 15 not successfully written. Possibly due to too larger number with respect to field width
Warning 1: Value 10000000000 of field DATA of feature 0 not successfully written. Possibly due to too larger number with respect to field width
Warning 1: Value 10000000000 of field DATA of feature 1 not successfully written. Possibly due to too larger number with respect to field width
Warning 1: Value 10000000000 of field DATA of feature 2 not successfully written. Possibly due to too larger number with respect to field width
Warning 1: Value 10000000000 of field DATA of feature 3 not successfully written. Possibly due to too larger number with respect to field width
Warning 1: Value 10000000000 of field DATA of feature 4 not successfully written. Possibly due to too larger number with respect to field width
Warning 1: Value 10000000000 of field DATA of feature 5 not successfully written. Possibly due to too larger number with respect to field width
Warning 1: Value 10000000000 of field DATA of feature 6 not successfully written. Possibly due to too larger number with respect to field width
Warning 1: Value 10000000000 of field DATA of feature 7 not successfully written. Possibly due to too larger number with respect to field width
Warning 1: Value 10000000000 of field DATA of feature 8 not successfully written. Possibly due to too larger number with respect to field width
Warning 1: Value 10000000000 of field DATA of feature 9 not successfully written. Possibly due to too larger number with respect to field width
Warning 1: Value 10000000000 of field DATA of feature 10 not successfully written. Possibly due to too larger number with respect to field width
Warning 1: Value 10000000000 of field DATA of feature 11 not successfully written. Possibly due to too larger number with respect to field width
Warning 1: Value 10000000000 of field DATA of feature 12 not successfully written. Possibly due to too larger number with respect to field width
Warning 1: Value 10000000000 of field DATA of feature 13 not successfully written. Possibly due to too larger number with respect to field width
Warning 1: Value 10000000000 of field DATA of feature 14 not successfully written. Possibly due to too larger number with respect to field width
Warning 1: Value 10000000000 of field DATA of feature 15 not successfully written. Possibly due to too larger number with respect to field width
Warning 1: Value 10000000000 of field DATA of feature 0 not successfully written. Possibly due to too larger number with respect to field width
Warning 1: Value 10000000000 of field DATA of feature 1 not successfully written. Possibly due to too larger number with respect to field width
Warning 1: Value 10000000000 of field DATA of feature 2 not successfully written. Possibly due to too larger number with respect to field width
Warning 1: Value 10000000000 of field DATA of feature 3 not successfully written. Possibly due to too larger number with respect to field width
Warning 1: Value 10000000000 of field DATA of feature 4 not successfully written. Possibly due to too larger number with respect to field width
Warning 1: Value 10000000000 of field DATA of feature 5 not successfully written. Possibly due to too larger number with respect to field width
Warning 1: Value 10000000000 of field DATA of feature 6 not successfully written. Possibly due to too larger number with respect to field width
Warning 1: Value 10000000000 of field DATA of feature 7 not successfully written. Possibly due to too larger number with respect to field width
Warning 1: Value 10000000000 of field DATA of feature 8 not successfully written. Possibly due to too larger number with respect to field width
Warning 1: Value 10000000000 of field DATA of feature 9 not successfully written. Possibly due to too larger number with respect to field width
Warning 1: Value 10000000000 of field DATA of feature 10 not successfully written. Possibly due to too larger number with respect to field width
Warning 1: Value 10000000000 of field DATA of feature 11 not successfully written. Possibly due to too larger number with respect to field width
Warning 1: Value 10000000000 of field DATA of feature 12 not successfully written. Possibly due to too larger number with respect to field width
Warning 1: Value 10000000000 of field DATA of feature 13 not successfully written. Possibly due to too larger number with respect to field width
Warning 1: Value 10000000000 of field DATA of feature 14 not successfully written. Possibly due to too larger number with respect to field width
Warning 1: Value 10000000000 of field DATA of feature 15 not successfully written. Possibly due to too larger number with respect to field width
Warning 1: Value 10000000000 of field DATA of feature 0 not successfully written. Possibly due to too larger number with respect to field width
Warning 1: Value 10000000000 of field DATA of feature 1 not successfully written. Possibly due to too larger number with respect to field width
Warning 1: Value 10000000000 of field DATA of feature 2 not successfully written. Possibly due to too larger number with respect to field width
Warning 1: Value 10000000000 of field DATA of feature 3 not successfully written. Possibly due to too larger number with respect to field width
Warning 1: Value 10000000000 of field DATA of feature 4 not successfully written. Possibly due to too larger number with respect to field width
Warning 1: Value 10000000000 of field DATA of feature 5 not successfully written. Possibly due to too larger number with respect to field width
Warning 1: Value 10000000000 of field DATA of feature 6 not successfully written. Possibly due to too larger number with respect to field width
Warning 1: Value 10000000000 of field DATA of feature 7 not successfully written. Possibly due to too larger number with respect to field width
Warning 1: Value 10000000000 of field DATA of feature 8 not successfully written. Possibly due to too larger number with respect to field width
Warning 1: Value 10000000000 of field DATA of feature 9 not successfully written. Possibly due to too larger number with respect to field width
Warning 1: Value 10000000000 of field DATA of feature 10 not successfully written. Possibly due to too larger number with respect to field width
Warning 1: Value 10000000000 of field DATA of feature 11 not successfully written. Possibly due to too larger number with respect to field width
Warning 1: Value 10000000000 of field DATA of feature 12 not successfully written. Possibly due to too larger number with respect to field width
Warning 1: Value 10000000000 of field DATA of feature 13 not successfully written. Possibly due to too larger number with respect to field width
Warning 1: Value 10000000000 of field DATA of feature 14 not successfully written. Possibly due to too larger number with respect to field width
Warning 1: Value 10000000000 of field DATA of feature 15 not successfully written. Possibly due to too larger number with respect to field width
Warning 1: Value 10000000000 of field DATA of feature 0 not successfully written. Possibly due to too larger number with respect to field width
Warning 1: Value 10000000000 of field DATA of feature 1 not successfully written. Possibly due to too larger number with respect to field width
Warning 1: Value 10000000000 of field DATA of feature 2 not successfully written. Possibly due to too larger number with respect to field width
Warning 1: Value 10000000000 of field DATA of feature 3 not successfully written. Possibly due to too larger number with respect to field width
Warning 1: Value 10000000000 of field DATA of feature 4 not successfully written. Possibly due to too larger number with respect to field width
Warning 1: Value 10000000000 of field DATA of feature 5 not successfully written. Possibly due to too larger number with respect to field width
Warning 1: Value 10000000000 of field DATA of feature 6 not successfully written. Possibly due to too larger number with respect to field width
Warning 1: Value 10000000000 of field DATA of feature 7 not successfully written. Possibly due to too larger number with respect to field width
Warning 1: Value 10000000000 of field DATA of feature 8 not successfully written. Possibly due to too larger number with respect to field width
Warning 1: Value 10000000000 of field DATA of feature 9 not successfully written. Possibly due to too larger number with respect to field width
Warning 1: Value 10000000000 of field DATA of feature 10 not successfully written. Possibly due to too larger number with respect to field width
Warning 1: Value 10000000000 of field DATA of feature 11 not successfully written. Possibly due to too larger number with respect to field width
Warning 1: Value 10000000000 of field DATA of feature 12 not successfully written. Possibly due to too larger number with respect to field width
Warning 1: Value 10000000000 of field DATA of feature 13 not successfully written. Possibly due to too larger number with respect to field width
Warning 1: Value 10000000000 of field DATA of feature 14 not successfully written. Possibly due to too larger number with respect to field width
Warning 1: Value 10000000000 of field DATA of feature 15 not successfully written. Possibly due to too larger number with respect to field width
Warning 1: Value 10000000000 of field DATA of feature 0 not successfully written. Possibly due to too larger number with respect to field width
Warning 1: Value 10000000000 of field DATA of feature 1 not successfully written. Possibly due to too larger number with respect to field width
Warning 1: Value 10000000000 of field DATA of feature 2 not successfully written. Possibly due to too larger number with respect to field width
Warning 1: Value 10000000000 of field DATA of feature 3 not successfully written. Possibly due to too larger number with respect to field width
Warning 1: Value 10000000000 of field DATA of feature 4 not successfully written. Possibly due to too larger number with respect to field width
Warning 1: Value 10000000000 of field DATA of feature 5 not successfully written. Possibly due to too larger number with respect to field width
Warning 1: Value 10000000000 of field DATA of feature 6 not successfully written. Possibly due to too larger number with respect to field width
Warning 1: Value 10000000000 of field DATA of feature 7 not successfully written. Possibly due to too larger number with respect to field width
Warning 1: Value 10000000000 of field DATA of feature 8 not successfully written. Possibly due to too larger number with respect to field width
Warning 1: Value 10000000000 of field DATA of feature 9 not successfully written. Possibly due to too larger number with respect to field width
Warning 1: Value 10000000000 of field DATA of feature 10 not successfully written. Possibly due to too larger number with respect to field width
Warning 1: Value 10000000000 of field DATA of feature 11 not successfully written. Possibly due to too larger number with respect to field width
Warning 1: Value 10000000000 of field DATA of feature 12 not successfully written. Possibly due to too larger number with respect to field width
Warning 1: Value 10000000000 of field DATA of feature 13 not successfully written. Possibly due to too larger number with respect to field width
Warning 1: Value 10000000000 of field DATA of feature 14 not successfully written. Possibly due to too larger number with respect to field width
Warning 1: Value 10000000000 of field DATA of feature 15 not successfully written. Possibly due to too larger number with respect to field width
Warning 1: Value 10000000000 of field DATA of feature 0 not successfully written. Possibly due to too larger number with respect to field width
Warning 1: Value 10000000000 of field DATA of feature 1 not successfully written. Possibly due to too larger number with respect to field width
Warning 1: Value 10000000000 of field DATA of feature 2 not successfully written. Possibly due to too larger number with respect to field width
Warning 1: Value 10000000000 of field DATA of feature 3 not successfully written. Possibly due to too larger number with respect to field width
Warning 1: Value 10000000000 of field DATA of feature 4 not successfully written. Possibly due to too larger number with respect to field width
Warning 1: Value 10000000000 of field DATA of feature 5 not successfully written. Possibly due to too larger number with respect to field width
Warning 1: Value 10000000000 of field DATA of feature 6 not successfully written. Possibly due to too larger number with respect to field width
Warning 1: Value 10000000000 of field DATA of feature 7 not successfully written. Possibly due to too larger number with respect to field width
Warning 1: Value 10000000000 of field DATA of feature 8 not successfully written. Possibly due to too larger number with respect to field width
Warning 1: Value 10000000000 of field DATA of feature 9 not successfully written. Possibly due to too larger number with respect to field width
Warning 1: Value 10000000000 of field DATA of feature 10 not successfully written. Possibly due to too larger number with respect to field width
Warning 1: Value 10000000000 of field DATA of feature 11 not successfully written. Possibly due to too larger number with respect to field width
Warning 1: Value 10000000000 of field DATA of feature 12 not successfully written. Possibly due to too larger number with respect to field width
Warning 1: Value 10000000000 of field DATA of feature 13 not successfully written. Possibly due to too larger number with respect to field width
Warning 1: Value 10000000000 of field DATA of feature 14 not successfully written. Possibly due to too larger number with respect to field width
Warning 1: Value 10000000000 of field DATA of feature 15 not successfully written. Possibly due to too larger number with respect to field width
